Begin processing the 1st record. Run 1, Event 1, LumiSection 1 on stream 0 at 04-Feb-2022 16:21:20.421 CET
 ESHandle Geo 
 GET 
%MSG-w GEMGeometryBuilder:  ReadAli:test 04-Feb-2022 16:21:20 CET  Run: 1 Event: 1
Missing chamber  Re 1 Ri 1 St 0 La 2 Ch 1 Et 0 
%MSG
%MSG-w GEMGeometryBuilder:  ReadAli:test 04-Feb-2022 16:21:20 CET  Run: 1 Event: 1
Missing chamber  Re 1 Ri 1 St 0 La 3 Ch 1 Et 0 
%MSG
%MSG-w GEMGeometryBuilder:  ReadAli:test 04-Feb-2022 16:21:20 CET  Run: 1 Event: 1
Missing chamber  Re 1 Ri 1 St 0 La 4 Ch 1 Et 0 
%MSG
%MSG-w GEMGeometryBuilder:  ReadAli:test 04-Feb-2022 16:21:20 CET  Run: 1 Event: 1
Missing chamber  Re 1 Ri 1 St 0 La 5 Ch 1 Et 0 
%MSG
%MSG-w GEMGeometryBuilder:  ReadAli:test 04-Feb-2022 16:21:20 CET  Run: 1 Event: 1
Missing chamber  Re 1 Ri 1 St 0 La 6 Ch 1 Et 0 
%MSG
%MSG-w GEMGeometryBuilder:  ReadAli:test 04-Feb-2022 16:21:20 CET  Run: 1 Event: 1
Missing chamber  Re 1 Ri 1 St 1 La 2 Ch 2 Et 0 
%MSG
%MSG-w GEMGeometryBuilder:  ReadAli:test 04-Feb-2022 16:21:20 CET  Run: 1 Event: 1
Missing chamber  Re 1 Ri 1 St 1 La 2 Ch 4 Et 0 
%MSG
%MSG-w GEMGeometryBuilder:  ReadAli:test 04-Feb-2022 16:21:20 CET  Run: 1 Event: 1
Missing chamber  Re 1 Ri 1 St 2 La 2 Ch 1 Et 0 
%MSG
 Geo 
 Geo ok 
 Alignement 
 Alignement errors
 Aligner
 Apply 
 done
 Chamber 
 Re 1 Ri 1 St 1 La 1 Ch 2 Et 1 
BARI01
 Center  (0,10.1587,0) 
 Left    (-5,10.1587,0) 
 Right   (5,10.1587,0) 
 Top     (0,10.1587,5) 
 Down    (0,10.1587,-5) 
 Chamber 
 Re 1 Ri 1 St 1 La 1 Ch 2 Et 2 
BARI01
 Center  (0,10.2587,0) 
 Left    (-3.06162e-16,10.2587,5) 
 Right   (3.06162e-16,10.2587,-5) 
 Top     (5,10.2587,3.06162e-16) 
 Down    (-5,10.2587,-3.06162e-16) 
 Chamber 
 Re 1 Ri 1 St 1 La 1 Ch 2 Et 3 
BARI02
 Center  (-0.06241,80.2588,-0.03355) 
 Left    (-5.06241,80.2588,-0.03355) 
 Right   (4.93759,80.2588,-0.03355) 
 Top     (-0.06241,80.2588,4.96645) 
 Down    (-0.06241,80.2588,-5.03355) 
 Chamber 
 Re 1 Ri 1 St 1 La 1 Ch 2 Et 4 
BARI02
 Center  (-0.06241,80.3587,-0.03355) 
 Left    (-0.06241,80.3587,4.96645) 
 Right   (-0.06241,80.3587,-5.03355) 
 Top     (4.93759,80.3587,-0.03355) 
 Down    (-5.06241,80.3587,-0.03355) 
 Chamber 
 Re 1 Ri 1 St 1 La 1 Ch 4 Et 1 
BARI03
 Center  (6e-05,150.159,0.02546) 
 Left    (-4.99994,150.159,0.02546) 
 Right   (5.00006,150.159,0.02546) 
 Top     (6e-05,150.159,5.02546) 
 Down    (6e-05,150.159,-4.97454) 
 Chamber 
 Re 1 Ri 1 St 1 La 1 Ch 4 Et 2 
BARI03
 Center  (6e-05,150.259,0.02546) 
 Left    (6e-05,150.259,5.02546) 
 Right   (6e-05,150.259,-4.97454) 
 Top     (5.00006,150.259,0.02546) 
 Down    (-4.99994,150.259,0.02546) 
 Chamber 
 Re 1 Ri 1 St 1 La 1 Ch 4 Et 3 
BARI04
 Center  (-0.04833,220.259,0.22672) 
 Left    (-5.04777,220.259,0.301717) 
 Right   (4.95111,220.259,0.151723) 
 Top     (0.0266672,220.259,5.22616) 
 Down    (-0.123327,220.259,-4.77272) 
 Chamber 
 Re 1 Ri 1 St 1 La 1 Ch 4 Et 4 
BARI04
 Center  (-0.04833,220.359,0.22672) 
 Left    (0.0266672,220.359,5.22616) 
 Right   (-0.123327,220.359,-4.77272) 
 Top     (4.95111,220.359,0.151723) 
 Down    (-5.04777,220.359,0.301717) 
 Chamber 
 Re 1 Ri 1 St 1 La 1 Ch 4 Et 5 
BARI05
 Center  (0,140.259,0) 
 Left    (-5,140.259,0) 
 Right   (5,140.259,0) 
 Top     (0,140.259,5) 
 Down    (0,140.259,-5) 
 Chamber 
 Re 1 Ri 1 St 0 La 1 Ch 1 Et 1 
 Chamber 
 Re 1 Ri 1 St 0 La 1 Ch 1 Et 2 
 Chamber 
 Re 1 Ri 1 St 0 La 1 Ch 1 Et 3 
 Chamber 
 Re 1 Ri 1 St 0 La 1 Ch 1 Et 4 
 Chamber 
 Re 1 Ri 1 St 0 La 1 Ch 1 Et 5 
 Chamber 
 Re 1 Ri 1 St 0 La 1 Ch 1 Et 6 
 Chamber 
 Re 1 Ri 1 St 0 La 1 Ch 1 Et 7 
 Chamber 
 Re 1 Ri 1 St 0 La 1 Ch 1 Et 8 
 Chamber 
 Re 1 Ri 1 St 2 La 1 Ch 1 Et 1 
 Chamber 
 Re 1 Ri 1 St 2 La 1 Ch 1 Et 2 
 Chamber 
 Re 1 Ri 1 St 2 La 1 Ch 1 Et 3 
 Chamber 
 Re 1 Ri 1 St 2 La 1 Ch 1 Et 4 
 Chamber 
 Re 1 Ri 1 St 2 La 1 Ch 1 Et 5 
 Chamber 
 Re 1 Ri 1 St 2 La 1 Ch 1 Et 6 
 Chamber 
 Re 1 Ri 1 St 2 La 1 Ch 1 Et 7 
 Chamber 
 Re 1 Ri 1 St 2 La 1 Ch 1 Et 8 
 Chamber 
 Re 1 Ri 1 St 2 La 1 Ch 1 Et 9 
 Chamber 
 Re 1 Ri 1 St 2 La 1 Ch 1 Et 10 
 Chamber 
 Re 1 Ri 1 St 2 La 1 Ch 1 Et 11 
 Chamber 
 Re 1 Ri 1 St 2 La 1 Ch 1 Et 12 
 Chamber 
 Re 1 Ri 1 St 2 La 1 Ch 1 Et 13 
 Chamber 
 Re 1 Ri 1 St 2 La 1 Ch 1 Et 14 
 Chamber 
 Re 1 Ri 1 St 2 La 1 Ch 1 Et 15 
 Chamber 
 Re 1 Ri 1 St 2 La 1 Ch 1 Et 16 

=============================================

MessageLogger Summary

 type     category        sev    module        subroutine        count    total
 ---- -------------------- -- ---------------- ----------------  -----    -----
    1 GEMGeometryBuilder   -w ReadAli:test                           8        8

 type    category    Examples: run/evt        run/evt          run/evt
 ---- -------------------- ---------------- ---------------- ----------------
    1 GEMGeometryBuilder   1/1              1/1              1/1

Severity    # Occurrences   Total Occurrences
--------    -------------   -----------------
Warning                 8                   8

dropped waiting message count 0
