%MSG-i ThreadStreamSetup:  (NoModuleName) 21-Jan-2022 14:51:15 CET pre-events
setting # threads 8
setting # streams 8
%MSG
21-Jan-2022 14:51:21 CET  Initiating request to open file file:../../../gemsw/EventFilter/test/output_edm_track.root
21-Jan-2022 14:51:21 CET  Successfully opened file file:../../../gemsw/EventFilter/test/output_edm_track.root
Begin processing the 1st record. Run 1, Event 3, LumiSection 1 on stream 3 at 21-Jan-2022 14:51:46.436 CET
Begin processing the 2nd record. Run 1, Event 2, LumiSection 1 on stream 7 at 21-Jan-2022 14:51:46.436 CET
Begin processing the 3rd record. Run 1, Event 7, LumiSection 1 on stream 0 at 21-Jan-2022 14:51:46.436 CET
Begin processing the 4th record. Run 1, Event 10, LumiSection 1 on stream 6 at 21-Jan-2022 14:51:46.437 CET
Begin processing the 5th record. Run 1, Event 13, LumiSection 1 on stream 2 at 21-Jan-2022 14:51:46.437 CET
Begin processing the 6th record. Run 1, Event 16, LumiSection 1 on stream 5 at 21-Jan-2022 14:51:46.437 CET
Begin processing the 7th record. Run 1, Event 14, LumiSection 1 on stream 4 at 21-Jan-2022 14:51:46.437 CET
Begin processing the 8th record. Run 1, Event 5, LumiSection 1 on stream 1 at 21-Jan-2022 14:51:46.437 CET
%MSG-w GEMGeometryBuilder:  CheckTracks:gemTrAli 21-Jan-2022 14:51:46 CET  Run: 1 Event: 3
Missing chamber  Re 1 Ri 1 St 0 La 2 Ch 1 Et 0 
%MSG
%MSG-w GEMGeometryBuilder:  CheckTracks:gemTrAli 21-Jan-2022 14:51:46 CET  Run: 1 Event: 3
Missing chamber  Re 1 Ri 1 St 0 La 3 Ch 1 Et 0 
%MSG
%MSG-w GEMGeometryBuilder:  CheckTracks:gemTrAli 21-Jan-2022 14:51:46 CET  Run: 1 Event: 3
Missing chamber  Re 1 Ri 1 St 0 La 4 Ch 1 Et 0 
%MSG
%MSG-w GEMGeometryBuilder:  CheckTracks:gemTrAli 21-Jan-2022 14:51:46 CET  Run: 1 Event: 3
Missing chamber  Re 1 Ri 1 St 0 La 5 Ch 1 Et 0 
%MSG
%MSG-w GEMGeometryBuilder:  CheckTracks:gemTrAli 21-Jan-2022 14:51:46 CET  Run: 1 Event: 3
Missing chamber  Re 1 Ri 1 St 0 La 6 Ch 1 Et 0 
%MSG
%MSG-w GEMGeometryBuilder:  CheckTracks:gemTrAli 21-Jan-2022 14:51:46 CET  Run: 1 Event: 3
Missing chamber  Re 1 Ri 1 St 1 La 2 Ch 2 Et 0 
%MSG
%MSG-w GEMGeometryBuilder:  CheckTracks:gemTrAli 21-Jan-2022 14:51:46 CET  Run: 1 Event: 3
Missing chamber  Re 1 Ri 1 St 1 La 2 Ch 4 Et 0 
%MSG
%MSG-w GEMGeometryBuilder:  CheckTracks:gemTrAli 21-Jan-2022 14:51:46 CET  Run: 1 Event: 3
Missing chamber  Re 1 Ri 1 St 2 La 2 Ch 1 Et 0 
%MSG
 station id Re 1 Ri 1 St 1 La 1 Ch 2 Et 1 
 station id Re 1 Ri 1 St 1 La 1 Ch 2 Et 2 
 station id Re 1 Ri 1 St 1 La 1 Ch 2 Et 3 
 station id Re 1 Ri 1 St 1 La 1 Ch 2 Et 4 
 station id Re 1 Ri 1 St 1 La 1 Ch 4 Et 1 
 station id Re 1 Ri 1 St 1 La 1 Ch 4 Et 2 
 station id Re 1 Ri 1 St 1 La 1 Ch 4 Et 3 
 station id Re 1 Ri 1 St 1 La 1 Ch 4 Et 4 
 station id Re 1 Ri 1 St 1 La 1 Ch 4 Et 5 
 station id Re 1 Ri 1 St 0 La 1 Ch 1 Et 1 
 station id Re 1 Ri 1 St 0 La 1 Ch 1 Et 2 
 station id Re 1 Ri 1 St 0 La 1 Ch 1 Et 3 
 station id Re 1 Ri 1 St 0 La 1 Ch 1 Et 4 
 station id Re 1 Ri 1 St 0 La 1 Ch 1 Et 5 
 station id Re 1 Ri 1 St 0 La 1 Ch 1 Et 6 
 station id Re 1 Ri 1 St 0 La 1 Ch 1 Et 7 
 station id Re 1 Ri 1 St 0 La 1 Ch 1 Et 8 
 station id Re 1 Ri 1 St 2 La 1 Ch 1 Et 1 
 station id Re 1 Ri 1 St 2 La 1 Ch 1 Et 2 
 station id Re 1 Ri 1 St 2 La 1 Ch 1 Et 3 
 station id Re 1 Ri 1 St 2 La 1 Ch 1 Et 4 
 station id Re 1 Ri 1 St 2 La 1 Ch 1 Et 5 
 station id Re 1 Ri 1 St 2 La 1 Ch 1 Et 6 
 station id Re 1 Ri 1 St 2 La 1 Ch 1 Et 7 
 station id Re 1 Ri 1 St 2 La 1 Ch 1 Et 8 
 station id Re 1 Ri 1 St 2 La 1 Ch 1 Et 9 
 station id Re 1 Ri 1 St 2 La 1 Ch 1 Et 10 
 station id Re 1 Ri 1 St 2 La 1 Ch 1 Et 11 
 station id Re 1 Ri 1 St 2 La 1 Ch 1 Et 12 
 station id Re 1 Ri 1 St 2 La 1 Ch 1 Et 13 
 station id Re 1 Ri 1 St 2 La 1 Ch 1 Et 14 
 station id Re 1 Ri 1 St 2 La 1 Ch 1 Et 15 
 station id Re 1 Ri 1 St 2 La 1 Ch 1 Et 16 
 Hit studies for theis evebt
 Excluded Chamber BARI0002
 Rechit Geo Id for track  Re 1 Ri 1 St 1 La 1 Ch 4 Et 4 
Track associated Rec Hit for BARI004 View y
 Rechit Geo Id for track  Re 1 Ri 1 St 1 La 1 Ch 4 Et 3 
Track associated Rec Hit for BARI004 View x
 Rechit Geo Id for track  Re 1 Ri 1 St 1 La 1 Ch 4 Et 2 
Track associated Rec Hit for BARI003 View y
 Rechit Geo Id for track  Re 1 Ri 1 St 1 La 1 Ch 4 Et 1 
Track associated Rec Hit for BARI003 View x
 Rechit Geo Id for track  Re 1 Ri 1 St 1 La 1 Ch 2 Et 2 
Track associated Rec Hit for BARI001 View y
 Rechit Geo Id for track  Re 1 Ri 1 St 1 La 1 Ch 2 Et 1 
Track associated Rec Hit for BARI001 View x
 Excluded Chamber BARI0003
 Rechit Geo Id for track  Re 1 Ri 1 St 1 La 1 Ch 4 Et 4 
Track associated Rec Hit for BARI004 View y
 Rechit Geo Id for track  Re 1 Ri 1 St 1 La 1 Ch 4 Et 3 
Track associated Rec Hit for BARI004 View x
 Rechit Geo Id for track  Re 1 Ri 1 St 1 La 1 Ch 2 Et 4 
Track associated Rec Hit for BARI002 View y
 Rechit Geo Id for track  Re 1 Ri 1 St 1 La 1 Ch 2 Et 3 
Track associated Rec Hit for BARI002 View x
 Rechit Geo Id for track  Re 1 Ri 1 St 1 La 1 Ch 2 Et 2 
Track associated Rec Hit for BARI001 View y
 Rechit Geo Id for track  Re 1 Ri 1 St 1 La 1 Ch 2 Et 1 
Track associated Rec Hit for BARI001 View x
 Excluded Chamber BARI0004
 Rechit Geo Id for track  Re 1 Ri 1 St 1 La 1 Ch 4 Et 2 
Track associated Rec Hit for BARI003 View y
 Rechit Geo Id for track  Re 1 Ri 1 St 1 La 1 Ch 4 Et 1 
Track associated Rec Hit for BARI003 View x
 Rechit Geo Id for track  Re 1 Ri 1 St 1 La 1 Ch 2 Et 4 
Track associated Rec Hit for BARI002 View y
 Rechit Geo Id for track  Re 1 Ri 1 St 1 La 1 Ch 2 Et 3 
Track associated Rec Hit for BARI002 View x
 Rechit Geo Id for track  Re 1 Ri 1 St 1 La 1 Ch 2 Et 2 
Track associated Rec Hit for BARI001 View y
 Rechit Geo Id for track  Re 1 Ri 1 St 1 La 1 Ch 2 Et 1 
Track associated Rec Hit for BARI001 View x
 Hit studies for theis evebt
 Excluded Chamber BARI0002
 Rechit Geo Id for track  Re 1 Ri 1 St 1 La 1 Ch 4 Et 4 
Track associated Rec Hit for BARI004 View y
 Rechit Geo Id for track  Re 1 Ri 1 St 1 La 1 Ch 4 Et 3 
Track associated Rec Hit for BARI004 View x
 Rechit Geo Id for track  Re 1 Ri 1 St 1 La 1 Ch 4 Et 2 
Track associated Rec Hit for BARI003 View y
 Rechit Geo Id for track  Re 1 Ri 1 St 1 La 1 Ch 4 Et 1 
Track associated Rec Hit for BARI003 View x
 Rechit Geo Id for track  Re 1 Ri 1 St 1 La 1 Ch 2 Et 2 
Track associated Rec Hit for BARI001 View y
 Rechit Geo Id for track  Re 1 Ri 1 St 1 La 1 Ch 2 Et 1 
Track associated Rec Hit for BARI001 View x
 Excluded Chamber BARI0003
 Rechit Geo Id for track  Re 1 Ri 1 St 1 La 1 Ch 4 Et 4 
Track associated Rec Hit for BARI004 View y
 Rechit Geo Id for track  Re 1 Ri 1 St 1 La 1 Ch 4 Et 3 
Track associated Rec Hit for BARI004 View x
 Rechit Geo Id for track  Re 1 Ri 1 St 1 La 1 Ch 2 Et 4 
Track associated Rec Hit for BARI002 View y
 Rechit Geo Id for track  Re 1 Ri 1 St 1 La 1 Ch 2 Et 3 
Track associated Rec Hit for BARI002 View x
 Rechit Geo Id for track  Re 1 Ri 1 St 1 La 1 Ch 2 Et 2 
Track associated Rec Hit for BARI001 View y
 Rechit Geo Id for track  Re 1 Ri 1 St 1 La 1 Ch 2 Et 1 
Track associated Rec Hit for BARI001 View x
 Excluded Chamber BARI0004
 Rechit Geo Id for track  Re 1 Ri 1 St 1 La 1 Ch 4 Et 2 
Track associated Rec Hit for BARI003 View y
 Rechit Geo Id for track  Re 1 Ri 1 St 1 La 1 Ch 4 Et 1 
Track associated Rec Hit for BARI003 View x
 Rechit Geo Id for track  Re 1 Ri 1 St 1 La 1 Ch 2 Et 4 
Track associated Rec Hit for BARI002 View y
 Rechit Geo Id for track  Re 1 Ri 1 St 1 La 1 Ch 2 Et 3 
Track associated Rec Hit for BARI002 View x
 Rechit Geo Id for track  Re 1 Ri 1 St 1 La 1 Ch 2 Et 2 
Track associated Rec Hit for BARI001 View y
 Rechit Geo Id for track  Re 1 Ri 1 St 1 La 1 Ch 2 Et 1 
Track associated Rec Hit for BARI001 View x
 Hit studies for theis evebt
 Excluded Chamber BARI0002
Begin processing the 9th record. Run 1, Event 4, LumiSection 1 on stream 3 at 21-Jan-2022 14:51:46.572 CET
Begin processing the 10th record. Run 1, Event 1, LumiSection 1 on stream 7 at 21-Jan-2022 14:51:46.572 CET
 Rechit Geo Id for track  Re 1 Ri 1 St 1 La 1 Ch 4 Et 4 
Track associated Rec Hit for BARI004 View y
 Rechit Geo Id for track  Re 1 Ri 1 St 1 La 1 Ch 4 Et 3 
Track associated Rec Hit for BARI004 View x
 Rechit Geo Id for track  Re 1 Ri 1 St 1 La 1 Ch 4 Et 2 
Track associated Rec Hit for BARI003 View y
 Rechit Geo Id for track  Re 1 Ri 1 St 1 La 1 Ch 4 Et 1 
Track associated Rec Hit for BARI003 View x
 Rechit Geo Id for track  Re 1 Ri 1 St 1 La 1 Ch 2 Et 2 
Track associated Rec Hit for BARI001 View y
 Rechit Geo Id for track  Re 1 Ri 1 St 1 La 1 Ch 2 Et 1 
Track associated Rec Hit for BARI001 View x
 Excluded Chamber BARI0003
 Rechit Geo Id for track  Re 1 Ri 1 St 1 La 1 Ch 4 Et 4 
Track associated Rec Hit for BARI004 View y
 Rechit Geo Id for track  Re 1 Ri 1 St 1 La 1 Ch 4 Et 3 
Track associated Rec Hit for BARI004 View x
 Rechit Geo Id for track  Re 1 Ri 1 St 1 La 1 Ch 2 Et 4 
Track associated Rec Hit for BARI002 View y
 Rechit Geo Id for track  Re 1 Ri 1 St 1 La 1 Ch 2 Et 3 
Track associated Rec Hit for BARI002 View x
 Rechit Geo Id for track  Re 1 Ri 1 St 1 La 1 Ch 2 Et 2 
Track associated Rec Hit for BARI001 View y
 Rechit Geo Id for track  Re 1 Ri 1 St 1 La 1 Ch 2 Et 1 
Track associated Rec Hit for BARI001 View x
 Excluded Chamber BARI0004
 Rechit Geo Id for track  Re 1 Ri 1 St 1 La 1 Ch 4 Et 2 
Track associated Rec Hit for BARI003 View y
 Rechit Geo Id for track  Re 1 Ri 1 St 1 La 1 Ch 4 Et 1 
Track associated Rec Hit for BARI003 View x
 Rechit Geo Id for track  Re 1 Ri 1 St 1 La 1 Ch 2 Et 4 
Track associated Rec Hit for BARI002 View y
 Rechit Geo Id for track  Re 1 Ri 1 St 1 La 1 Ch 2 Et 3 
Track associated Rec Hit for BARI002 View x
 Rechit Geo Id for track  Re 1 Ri 1 St 1 La 1 Ch 2 Et 2 
Track associated Rec Hit for BARI001 View y
 Rechit Geo Id for track  Re 1 Ri 1 St 1 La 1 Ch 2 Et 1 
Track associated Rec Hit for BARI001 View x
 Hit studies for theis evebt
 Excluded Chamber BARI0002
 Rechit Geo Id for track  Re 1 Ri 1 St 1 La 1 Ch 4 Et 4 
Track associated Rec Hit for BARI004 View y
 Rechit Geo Id for track  Re 1 Ri 1 St 1 La 1 Ch 4 Et 3 
Track associated Rec Hit for BARI004 View x
 Rechit Geo Id for track  Re 1 Ri 1 St 1 La 1 Ch 4 Et 2 
Track associated Rec Hit for BARI003 View y
 Rechit Geo Id for track  Re 1 Ri 1 St 1 La 1 Ch 4 Et 1 
Track associated Rec Hit for BARI003 View x
 Rechit Geo Id for track  Re 1 Ri 1 St 1 La 1 Ch 2 Et 2 
Track associated Rec Hit for BARI001 View y
 Rechit Geo Id for track  Re 1 Ri 1 St 1 La 1 Ch 2 Et 1 
Track associated Rec Hit for BARI001 View x
 Excluded Chamber BARI0003
 Rechit Geo Id for track  Re 1 Ri 1 St 1 La 1 Ch 4 Et 4 
Track associated Rec Hit for BARI004 View y
 Rechit Geo Id for track  Re 1 Ri 1 St 1 La 1 Ch 4 Et 3 
Track associated Rec Hit for BARI004 View x
 Rechit Geo Id for track  Re 1 Ri 1 St 1 La 1 Ch 2 Et 4 
Track associated Rec Hit for BARI002 View y
 Rechit Geo Id for track  Re 1 Ri 1 St 1 La 1 Ch 2 Et 3 
Track associated Rec Hit for BARI002 View x
 Rechit Geo Id for track  Re 1 Ri 1 St 1 La 1 Ch 2 Et 2 
Track associated Rec Hit for BARI001 View y
 Rechit Geo Id for track  Re 1 Ri 1 St 1 La 1 Ch 2 Et 1 
Track associated Rec Hit for BARI001 View x
 Excluded Chamber BARI0004
 Rechit Geo Id for track  Re 1 Ri 1 St 1 La 1 Ch 4 Et 2 
Track associated Rec Hit for BARI003 View y
 Rechit Geo Id for track  Re 1 Ri 1 St 1 La 1 Ch 4 Et 1 
Track associated Rec Hit for BARI003 View x
 Rechit Geo Id for track  Re 1 Ri 1 St 1 La 1 Ch 2 Et 4 
Track associated Rec Hit for BARI002 View y
 Rechit Geo Id for track  Re 1 Ri 1 St 1 La 1 Ch 2 Et 3 
Track associated Rec Hit for BARI002 View x
 Rechit Geo Id for track  Re 1 Ri 1 St 1 La 1 Ch 2 Et 2 
Track associated Rec Hit for BARI001 View y
 Rechit Geo Id for track  Re 1 Ri 1 St 1 La 1 Ch 2 Et 1 
Track associated Rec Hit for BARI001 View x
 Hit studies for theis evebt
 Excluded Chamber BARI0002
 Rechit Geo Id for track  Re 1 Ri 1 St 1 La 1 Ch 4 Et 4 
Track associated Rec Hit for BARI004 View y
 Rechit Geo Id for track  Re 1 Ri 1 St 1 La 1 Ch 4 Et 3 
Track associated Rec Hit for BARI004 View x
 Rechit Geo Id for track  Re 1 Ri 1 St 1 La 1 Ch 4 Et 2 
Track associated Rec Hit for BARI003 View y
 Rechit Geo Id for track  Re 1 Ri 1 St 1 La 1 Ch 4 Et 1 
Track associated Rec Hit for BARI003 View x
 Rechit Geo Id for track  Re 1 Ri 1 St 1 La 1 Ch 2 Et 2 
Track associated Rec Hit for BARI001 View y
 Rechit Geo Id for track  Re 1 Ri 1 St 1 La 1 Ch 2 Et 1 
Track associated Rec Hit for BARI001 View x
 Excluded Chamber BARI0003
 Rechit Geo Id for track  Re 1 Ri 1 St 1 La 1 Ch 4 Et 4 
Track associated Rec Hit for BARI004 View y
 Rechit Geo Id for track  Re 1 Ri 1 St 1 La 1 Ch 4 Et 3 
Track associated Rec Hit for BARI004 View x
 Rechit Geo Id for track  Re 1 Ri 1 St 1 La 1 Ch 2 Et 4 
Track associated Rec Hit for BARI002 View y
 Rechit Geo Id for track  Re 1 Ri 1 St 1 La 1 Ch 2 Et 3 
Track associated Rec Hit for BARI002 View x
 Rechit Geo Id for track  Re 1 Ri 1 St 1 La 1 Ch 2 Et 2 
Track associated Rec Hit for BARI001 View y
 Rechit Geo Id for track  Re 1 Ri 1 St 1 La 1 Ch 2 Et 1 
Track associated Rec Hit for BARI001 View x
 Excluded Chamber BARI0004
 Rechit Geo Id for track  Re 1 Ri 1 St 1 La 1 Ch 4 Et 2 
Track associated Rec Hit for BARI003 View y
 Rechit Geo Id for track  Re 1 Ri 1 St 1 La 1 Ch 4 Et 1 
Track associated Rec Hit for BARI003 View x
 Rechit Geo Id for track  Re 1 Ri 1 St 1 La 1 Ch 2 Et 4 
Track associated Rec Hit for BARI002 View y
 Rechit Geo Id for track  Re 1 Ri 1 St 1 La 1 Ch 2 Et 3 
Track associated Rec Hit for BARI002 View x
 Rechit Geo Id for track  Re 1 Ri 1 St 1 La 1 Ch 2 Et 2 
Track associated Rec Hit for BARI001 View y
 Rechit Geo Id for track  Re 1 Ri 1 St 1 La 1 Ch 2 Et 1 
Track associated Rec Hit for BARI001 View x
 Hit studies for theis evebt
 Excluded Chamber BARI0002
 Rechit Geo Id for track  Re 1 Ri 1 St 1 La 1 Ch 4 Et 4 
Track associated Rec Hit for BARI004 View y
 Rechit Geo Id for track  Re 1 Ri 1 St 1 La 1 Ch 4 Et 3 
Track associated Rec Hit for BARI004 View x
 Rechit Geo Id for track  Re 1 Ri 1 St 1 La 1 Ch 4 Et 2 
Track associated Rec Hit for BARI003 View y
 Rechit Geo Id for track  Re 1 Ri 1 St 1 La 1 Ch 4 Et 1 
Track associated Rec Hit for BARI003 View x
 Rechit Geo Id for track  Re 1 Ri 1 St 1 La 1 Ch 2 Et 2 
Track associated Rec Hit for BARI001 View y
 Rechit Geo Id for track  Re 1 Ri 1 St 1 La 1 Ch 2 Et 1 
Track associated Rec Hit for BARI001 View x
 Excluded Chamber BARI0003
 Rechit Geo Id for track  Re 1 Ri 1 St 1 La 1 Ch 4 Et 4 
Track associated Rec Hit for BARI004 View y
 Rechit Geo Id for track  Re 1 Ri 1 St 1 La 1 Ch 4 Et 3 
Track associated Rec Hit for BARI004 View x
 Rechit Geo Id for track  Re 1 Ri 1 St 1 La 1 Ch 2 Et 4 
Track associated Rec Hit for BARI002 View y
 Rechit Geo Id for track  Re 1 Ri 1 St 1 La 1 Ch 2 Et 3 
Track associated Rec Hit for BARI002 View x
 Rechit Geo Id for track  Re 1 Ri 1 St 1 La 1 Ch 2 Et 2 
Track associated Rec Hit for BARI001 View y
 Rechit Geo Id for track  Re 1 Ri 1 St 1 La 1 Ch 2 Et 1 
Track associated Rec Hit for BARI001 View x
 Excluded Chamber BARI0004
 Rechit Geo Id for track  Re 1 Ri 1 St 1 La 1 Ch 4 Et 2 
Track associated Rec Hit for BARI003 View y
 Rechit Geo Id for track  Re 1 Ri 1 St 1 La 1 Ch 4 Et 1 
Track associated Rec Hit for BARI003 View x
 Rechit Geo Id for track  Re 1 Ri 1 St 1 La 1 Ch 2 Et 4 
Track associated Rec Hit for BARI002 View y
 Rechit Geo Id for track  Re 1 Ri 1 St 1 La 1 Ch 2 Et 3 
Track associated Rec Hit for BARI002 View x
 Rechit Geo Id for track  Re 1 Ri 1 St 1 La 1 Ch 2 Et 2 
Track associated Rec Hit for BARI001 View y
 Rechit Geo Id for track  Re 1 Ri 1 St 1 La 1 Ch 2 Et 1 
Track associated Rec Hit for BARI001 View x
 Hit studies for theis evebt
 Excluded Chamber BARI0002
 Rechit Geo Id for track  Re 1 Ri 1 St 1 La 1 Ch 4 Et 4 
Track associated Rec Hit for BARI004 View y
 Rechit Geo Id for track  Re 1 Ri 1 St 1 La 1 Ch 4 Et 3 
Track associated Rec Hit for BARI004 View x
 Rechit Geo Id for track  Re 1 Ri 1 St 1 La 1 Ch 4 Et 2 
Track associated Rec Hit for BARI003 View y
 Rechit Geo Id for track  Re 1 Ri 1 St 1 La 1 Ch 4 Et 1 
Track associated Rec Hit for BARI003 View x
 Rechit Geo Id for track  Re 1 Ri 1 St 1 La 1 Ch 2 Et 2 
Track associated Rec Hit for BARI001 View y
 Rechit Geo Id for track  Re 1 Ri 1 St 1 La 1 Ch 2 Et 1 
Track associated Rec Hit for BARI001 View x
 Excluded Chamber BARI0003
 Rechit Geo Id for track  Re 1 Ri 1 St 1 La 1 Ch 4 Et 4 
Track associated Rec Hit for BARI004 View y
 Rechit Geo Id for track  Re 1 Ri 1 St 1 La 1 Ch 4 Et 3 
Track associated Rec Hit for BARI004 View x
 Rechit Geo Id for track  Re 1 Ri 1 St 1 La 1 Ch 2 Et 4 
Track associated Rec Hit for BARI002 View y
 Rechit Geo Id for track  Re 1 Ri 1 St 1 La 1 Ch 2 Et 3 
Track associated Rec Hit for BARI002 View x
 Rechit Geo Id for track  Re 1 Ri 1 St 1 La 1 Ch 2 Et 2 
Track associated Rec Hit for BARI001 View y
 Rechit Geo Id for track  Re 1 Ri 1 St 1 La 1 Ch 2 Et 1 
Track associated Rec Hit for BARI001 View x
 Excluded Chamber BARI0004
 Rechit Geo Id for track  Re 1 Ri 1 St 1 La 1 Ch 4 Et 2 
Track associated Rec Hit for BARI003 View y
 Rechit Geo Id for track  Re 1 Ri 1 St 1 La 1 Ch 4 Et 1 
Track associated Rec Hit for BARI003 View x
 Rechit Geo Id for track  Re 1 Ri 1 St 1 La 1 Ch 2 Et 4 
Track associated Rec Hit for BARI002 View y
 Rechit Geo Id for track  Re 1 Ri 1 St 1 La 1 Ch 2 Et 3 
Track associated Rec Hit for BARI002 View x
 Rechit Geo Id for track  Re 1 Ri 1 St 1 La 1 Ch 2 Et 2 
Track associated Rec Hit for BARI001 View y
 Rechit Geo Id for track  Re 1 Ri 1 St 1 La 1 Ch 2 Et 1 
Track associated Rec Hit for BARI001 View x
 Hit studies for theis evebt
 Excluded Chamber BARI0002
 Rechit Geo Id for track  Re 1 Ri 1 St 1 La 1 Ch 4 Et 4 
Track associated Rec Hit for BARI004 View y
 Rechit Geo Id for track  Re 1 Ri 1 St 1 La 1 Ch 4 Et 3 
Track associated Rec Hit for BARI004 View x
 Rechit Geo Id for track  Re 1 Ri 1 St 1 La 1 Ch 4 Et 2 
Track associated Rec Hit for BARI003 View y
 Rechit Geo Id for track  Re 1 Ri 1 St 1 La 1 Ch 4 Et 1 
Track associated Rec Hit for BARI003 View x
 Rechit Geo Id for track  Re 1 Ri 1 St 1 La 1 Ch 2 Et 2 
Track associated Rec Hit for BARI001 View y
 Rechit Geo Id for track  Re 1 Ri 1 St 1 La 1 Ch 2 Et 1 
Track associated Rec Hit for BARI001 View x
 Excluded Chamber BARI0003
 Rechit Geo Id for track  Re 1 Ri 1 St 1 La 1 Ch 4 Et 4 
Track associated Rec Hit for BARI004 View y
 Rechit Geo Id for track  Re 1 Ri 1 St 1 La 1 Ch 4 Et 3 
Track associated Rec Hit for BARI004 View x
 Rechit Geo Id for track  Re 1 Ri 1 St 1 La 1 Ch 2 Et 4 
Track associated Rec Hit for BARI002 View y
 Rechit Geo Id for track  Re 1 Ri 1 St 1 La 1 Ch 2 Et 3 
Track associated Rec Hit for BARI002 View x
 Rechit Geo Id for track  Re 1 Ri 1 St 1 La 1 Ch 2 Et 2 
Track associated Rec Hit for BARI001 View y
 Rechit Geo Id for track  Re 1 Ri 1 St 1 La 1 Ch 2 Et 1 
Track associated Rec Hit for BARI001 View x
 Excluded Chamber BARI0004
 Rechit Geo Id for track  Re 1 Ri 1 St 1 La 1 Ch 4 Et 2 
Track associated Rec Hit for BARI003 View y
 Rechit Geo Id for track  Re 1 Ri 1 St 1 La 1 Ch 4 Et 1 
Track associated Rec Hit for BARI003 View x
 Rechit Geo Id for track  Re 1 Ri 1 St 1 La 1 Ch 2 Et 4 
Track associated Rec Hit for BARI002 View y
 Rechit Geo Id for track  Re 1 Ri 1 St 1 La 1 Ch 2 Et 3 
Track associated Rec Hit for BARI002 View x
 Rechit Geo Id for track  Re 1 Ri 1 St 1 La 1 Ch 2 Et 2 
Track associated Rec Hit for BARI001 View y
 Rechit Geo Id for track  Re 1 Ri 1 St 1 La 1 Ch 2 Et 1 
Track associated Rec Hit for BARI001 View x
 Hit studies for theis evebt
 Excluded Chamber BARI0002
 Rechit Geo Id for track  Re 1 Ri 1 St 1 La 1 Ch 4 Et 4 
Track associated Rec Hit for BARI004 View y
 Rechit Geo Id for track  Re 1 Ri 1 St 1 La 1 Ch 4 Et 3 
Track associated Rec Hit for BARI004 View x
 Rechit Geo Id for track  Re 1 Ri 1 St 1 La 1 Ch 4 Et 2 
Track associated Rec Hit for BARI003 View y
 Rechit Geo Id for track  Re 1 Ri 1 St 1 La 1 Ch 4 Et 1 
Track associated Rec Hit for BARI003 View x
 Rechit Geo Id for track  Re 1 Ri 1 St 1 La 1 Ch 2 Et 2 
Track associated Rec Hit for BARI001 View y
 Rechit Geo Id for track  Re 1 Ri 1 St 1 La 1 Ch 2 Et 1 
Track associated Rec Hit for BARI001 View x
 Excluded Chamber BARI0003
 Rechit Geo Id for track  Re 1 Ri 1 St 1 La 1 Ch 4 Et 4 
Track associated Rec Hit for BARI004 View y
 Rechit Geo Id for track  Re 1 Ri 1 St 1 La 1 Ch 4 Et 3 
Track associated Rec Hit for BARI004 View x
 Rechit Geo Id for track  Re 1 Ri 1 St 1 La 1 Ch 2 Et 4 
Track associated Rec Hit for BARI002 View y
 Rechit Geo Id for track  Re 1 Ri 1 St 1 La 1 Ch 2 Et 3 
Track associated Rec Hit for BARI002 View x
 Rechit Geo Id for track  Re 1 Ri 1 St 1 La 1 Ch 2 Et 2 
Track associated Rec Hit for BARI001 View y
 Rechit Geo Id for track  Re 1 Ri 1 St 1 La 1 Ch 2 Et 1 
Track associated Rec Hit for BARI001 View x
 Excluded Chamber BARI0004
 Rechit Geo Id for track  Re 1 Ri 1 St 1 La 1 Ch 4 Et 2 
Track associated Rec Hit for BARI003 View y
 Rechit Geo Id for track  Re 1 Ri 1 St 1 La 1 Ch 4 Et 1 
Track associated Rec Hit for BARI003 View x
 Rechit Geo Id for track  Re 1 Ri 1 St 1 La 1 Ch 2 Et 4 
Track associated Rec Hit for BARI002 View y
 Rechit Geo Id for track  Re 1 Ri 1 St 1 La 1 Ch 2 Et 3 
Track associated Rec Hit for BARI002 View x
 Rechit Geo Id for track  Re 1 Ri 1 St 1 La 1 Ch 2 Et 2 
Track associated Rec Hit for BARI001 View y
 Rechit Geo Id for track  Re 1 Ri 1 St 1 La 1 Ch 2 Et 1 
Track associated Rec Hit for BARI001 View x
 Hit studies for theis evebt
 Excluded Chamber BARI0002
 Rechit Geo Id for track  Re 1 Ri 1 St 1 La 1 Ch 4 Et 4 
Track associated Rec Hit for BARI004 View y
 Rechit Geo Id for track  Re 1 Ri 1 St 1 La 1 Ch 4 Et 3 
Track associated Rec Hit for BARI004 View x
 Rechit Geo Id for track  Re 1 Ri 1 St 1 La 1 Ch 4 Et 2 
Track associated Rec Hit for BARI003 View y
 Rechit Geo Id for track  Re 1 Ri 1 St 1 La 1 Ch 4 Et 1 
Track associated Rec Hit for BARI003 View x
 Rechit Geo Id for track  Re 1 Ri 1 St 1 La 1 Ch 2 Et 2 
Track associated Rec Hit for BARI001 View y
 Rechit Geo Id for track  Re 1 Ri 1 St 1 La 1 Ch 2 Et 1 
Track associated Rec Hit for BARI001 View x
 Excluded Chamber BARI0003
 Rechit Geo Id for track  Re 1 Ri 1 St 1 La 1 Ch 4 Et 4 
Track associated Rec Hit for BARI004 View y
 Rechit Geo Id for track  Re 1 Ri 1 St 1 La 1 Ch 4 Et 3 
Track associated Rec Hit for BARI004 View x
 Rechit Geo Id for track  Re 1 Ri 1 St 1 La 1 Ch 2 Et 4 
Track associated Rec Hit for BARI002 View y
 Rechit Geo Id for track  Re 1 Ri 1 St 1 La 1 Ch 2 Et 3 
Track associated Rec Hit for BARI002 View x
 Rechit Geo Id for track  Re 1 Ri 1 St 1 La 1 Ch 2 Et 2 
Track associated Rec Hit for BARI001 View y
 Rechit Geo Id for track  Re 1 Ri 1 St 1 La 1 Ch 2 Et 1 
Track associated Rec Hit for BARI001 View x
 Excluded Chamber BARI0004
 Rechit Geo Id for track  Re 1 Ri 1 St 1 La 1 Ch 4 Et 2 
Track associated Rec Hit for BARI003 View y
 Rechit Geo Id for track  Re 1 Ri 1 St 1 La 1 Ch 4 Et 1 
Track associated Rec Hit for BARI003 View x
 Rechit Geo Id for track  Re 1 Ri 1 St 1 La 1 Ch 2 Et 4 
Track associated Rec Hit for BARI002 View y
 Rechit Geo Id for track  Re 1 Ri 1 St 1 La 1 Ch 2 Et 3 
Track associated Rec Hit for BARI002 View x
 Rechit Geo Id for track  Re 1 Ri 1 St 1 La 1 Ch 2 Et 2 
Track associated Rec Hit for BARI001 View y
 Rechit Geo Id for track  Re 1 Ri 1 St 1 La 1 Ch 2 Et 1 
Track associated Rec Hit for BARI001 View x
%MSG-w StatisticsSenderService:  PostGlobalEndRun 21-Jan-2022 14:51:46 CET  PostGlobalEndRun
fully closed: file:../../../gemsw/EventFilter/test/output_edm_track.root

%MSG
21-Jan-2022 14:51:46 CET  Closed file file:../../../gemsw/EventFilter/test/output_edm_track.root

=============================================

MessageLogger Summary

 type     category        sev    module        subroutine        count    total
 ---- -------------------- -- ---------------- ----------------  -----    -----
    1 GEMGeometryBuilder   -w CheckTracks:gemT                       8        8
    2 StatisticsSenderServ -w PostGlobalEndRun                       1        1
    3 fileAction           -s file_close                             1        1
    4 fileAction           -s file_open                              2        2

 type    category    Examples: run/evt        run/evt          run/evt
 ---- -------------------- ---------------- ---------------- ----------------
    1 GEMGeometryBuilder   1/3              1/3              1/3
    2 StatisticsSenderService PostGlobalEndRun                  
    3 fileAction           PostGlobalEndRun                  
    4 fileAction           pre-events       pre-events       

Severity    # Occurrences   Total Occurrences
--------    -------------   -----------------
Warning                 9                   9
System                  3                   3

dropped waiting message count 0
