****WARNING: Multiple products with same name testTB2021GEMTrakExtrapolerTP
             Previous defination: self/src/TB2021/GTRTrakExtrapoler/test
             Current  defination: src/TB2021/GEMTrakExtrapoler/test
>> Local Products Rules ..... started
>> Local Products Rules ..... done
>> Creating project symlinks
>> Entering Package TB2021/GEMRot
>> Compiling edm plugin /lustre/home/mmaggi/CMS/GEM/TB2021/TBResults/CMSSW_12_2_0_pre1/src/TB2021/GEMRot/plugins/GEMRot.cc
>> Building  edm plugin tmp/slc7_amd64_gcc900/src/TB2021/GEMRot/plugins/TB2021GEMRotAuto/libTB2021GEMRotAuto.so
Leaving library rule at src/TB2021/GEMRot/plugins
@@@@ Running edmWriteConfigs for TB2021GEMRotAuto
--- Registered EDM Plugin: TB2021GEMRotAuto
gmake[1]: Entering directory '/lustre/home/mmaggi/CMS/GEM/TB2021/TBResults/CMSSW_12_2_0_pre1'
****WARNING: Multiple products with same name testTB2021GEMTrakExtrapolerTP
             Previous defination: self/src/TB2021/GTRTrakExtrapoler/test
             Current  defination: src/TB2021/GEMTrakExtrapoler/test
>> Local Products Rules ..... started
>> Local Products Rules ..... done
@@@@ Refreshing Plugins:edmPluginRefresh
>> Done generating edm plugin poisoned information
>> Creating project symlinks
>> Done python_symlink
>> Compiling python3 modules python
>> All python modules compiled
>> Plugins of all types refreshed.
gmake[1]: Leaving directory '/lustre/home/mmaggi/CMS/GEM/TB2021/TBResults/CMSSW_12_2_0_pre1'
