%MSG-i ThreadStreamSetup:  (NoModuleName) 07-Feb-2022 11:07:38 CET pre-events
setting # threads 12
setting # streams 12
%MSG
07-Feb-2022 11:07:44 CET  Initiating request to open file file:../../../gemsw/EventFilter/test/output_edm_track20.root
07-Feb-2022 11:07:44 CET  Successfully opened file file:../../../gemsw/EventFilter/test/output_edm_track20.root
Rotation Analysis 
Rotation   0 is -20 mrad
Rotation   1 is -18 mrad
Rotation   2 is -16 mrad
Rotation   3 is -14 mrad
Rotation   4 is -12 mrad
Rotation   5 is -10 mrad
Rotation   6 is -8 mrad
Rotation   7 is -6 mrad
Rotation   8 is -4 mrad
Rotation   9 is -2 mrad
Rotation  10 is 4.47035e-07 mrad
Rotation  11 is 2 mrad
Rotation  12 is 4 mrad
Rotation  13 is 6 mrad
Rotation  14 is 8 mrad
Rotation  15 is 10 mrad
Rotation  16 is 12 mrad
Rotation  17 is 14 mrad
Rotation  18 is 16 mrad
Rotation  19 is 18 mrad
Rotation  20 is 20 mrad
Begin processing the 1st record. Run 1, Event 4, LumiSection 1 on stream 0 at 07-Feb-2022 11:08:17.583 CET
Begin processing the 10001st record. Run 1, Event 27173, LumiSection 1 on stream 4 at 07-Feb-2022 11:08:20.629 CET
Begin processing the 20001st record. Run 1, Event 54306, LumiSection 1 on stream 8 at 07-Feb-2022 11:08:21.184 CET
Begin processing the 30001st record. Run 1, Event 81360, LumiSection 1 on stream 11 at 07-Feb-2022 11:08:21.746 CET
Begin processing the 40001st record. Run 1, Event 108677, LumiSection 1 on stream 9 at 07-Feb-2022 11:08:22.274 CET
Begin processing the 50001st record. Run 1, Event 135930, LumiSection 1 on stream 3 at 07-Feb-2022 11:08:22.863 CET
Begin processing the 60001st record. Run 1, Event 163156, LumiSection 1 on stream 1 at 07-Feb-2022 11:08:23.422 CET
Begin processing the 70001st record. Run 1, Event 190158, LumiSection 1 on stream 9 at 07-Feb-2022 11:08:26.274 CET
Begin processing the 80001st record. Run 1, Event 217137, LumiSection 1 on stream 3 at 07-Feb-2022 11:08:26.790 CET
Begin processing the 90001st record. Run 1, Event 244076, LumiSection 1 on stream 4 at 07-Feb-2022 11:08:27.343 CET
Begin processing the 100001st record. Run 1, Event 271036, LumiSection 1 on stream 6 at 07-Feb-2022 11:08:27.909 CET
Begin processing the 110001st record. Run 1, Event 298078, LumiSection 1 on stream 2 at 07-Feb-2022 11:08:28.439 CET
Begin processing the 120001st record. Run 1, Event 325137, LumiSection 1 on stream 11 at 07-Feb-2022 11:08:28.999 CET
Begin processing the 130001st record. Run 1, Event 352133, LumiSection 1 on stream 6 at 07-Feb-2022 11:08:31.462 CET
Begin processing the 140001st record. Run 1, Event 379403, LumiSection 1 on stream 2 at 07-Feb-2022 11:08:32.019 CET
Begin processing the 150001st record. Run 1, Event 406422, LumiSection 1 on stream 1 at 07-Feb-2022 11:08:32.535 CET
Begin processing the 160001st record. Run 1, Event 433312, LumiSection 1 on stream 6 at 07-Feb-2022 11:08:33.078 CET
Begin processing the 170001st record. Run 1, Event 460542, LumiSection 1 on stream 3 at 07-Feb-2022 11:08:33.636 CET
Begin processing the 180001st record. Run 1, Event 487737, LumiSection 1 on stream 11 at 07-Feb-2022 11:08:34.190 CET
Begin processing the 190001st record. Run 1, Event 514776, LumiSection 1 on stream 6 at 07-Feb-2022 11:08:34.722 CET
Begin processing the 200001st record. Run 1, Event 541990, LumiSection 1 on stream 5 at 07-Feb-2022 11:08:36.904 CET
Begin processing the 210001st record. Run 1, Event 568981, LumiSection 1 on stream 11 at 07-Feb-2022 11:08:37.468 CET
Begin processing the 220001st record. Run 1, Event 595972, LumiSection 1 on stream 9 at 07-Feb-2022 11:08:37.995 CET
Begin processing the 230001st record. Run 1, Event 623353, LumiSection 1 on stream 8 at 07-Feb-2022 11:08:38.563 CET
Begin processing the 240001st record. Run 1, Event 650025, LumiSection 1 on stream 11 at 07-Feb-2022 11:08:39.112 CET
Begin processing the 250001st record. Run 1, Event 677038, LumiSection 1 on stream 9 at 07-Feb-2022 11:08:39.674 CET
Begin processing the 260001st record. Run 1, Event 704073, LumiSection 1 on stream 3 at 07-Feb-2022 11:08:42.156 CET
Begin processing the 270001st record. Run 1, Event 730975, LumiSection 1 on stream 10 at 07-Feb-2022 11:08:42.727 CET
Begin processing the 280001st record. Run 1, Event 758401, LumiSection 1 on stream 6 at 07-Feb-2022 11:08:43.294 CET
Begin processing the 290001st record. Run 1, Event 785425, LumiSection 1 on stream 2 at 07-Feb-2022 11:08:43.810 CET
Begin processing the 300001st record. Run 1, Event 812131, LumiSection 1 on stream 1 at 07-Feb-2022 11:08:44.383 CET
Begin processing the 310001st record. Run 1, Event 839081, LumiSection 1 on stream 9 at 07-Feb-2022 11:08:44.940 CET
Begin processing the 320001st record. Run 1, Event 866010, LumiSection 1 on stream 4 at 07-Feb-2022 11:08:47.153 CET
Begin processing the 330001st record. Run 1, Event 893050, LumiSection 1 on stream 10 at 07-Feb-2022 11:08:47.677 CET
Begin processing the 340001st record. Run 1, Event 920440, LumiSection 1 on stream 3 at 07-Feb-2022 11:08:48.216 CET
Begin processing the 350001st record. Run 1, Event 947464, LumiSection 1 on stream 5 at 07-Feb-2022 11:08:48.796 CET
Begin processing the 360001st record. Run 1, Event 974430, LumiSection 1 on stream 1 at 07-Feb-2022 11:08:49.365 CET
Begin processing the 370001st record. Run 1, Event 1001828, LumiSection 1 on stream 9 at 07-Feb-2022 11:08:49.888 CET
Begin processing the 380001st record. Run 1, Event 1028864, LumiSection 1 on stream 5 at 07-Feb-2022 11:08:50.457 CET
Begin processing the 390001st record. Run 1, Event 1055795, LumiSection 1 on stream 11 at 07-Feb-2022 11:08:52.875 CET
Begin processing the 400001st record. Run 1, Event 1082749, LumiSection 1 on stream 3 at 07-Feb-2022 11:08:53.410 CET
Begin processing the 410001st record. Run 1, Event 1109654, LumiSection 1 on stream 5 at 07-Feb-2022 11:08:53.974 CET
Begin processing the 420001st record. Run 1, Event 1136351, LumiSection 1 on stream 0 at 07-Feb-2022 11:08:54.544 CET
Begin processing the 430001st record. Run 1, Event 1163696, LumiSection 1 on stream 3 at 07-Feb-2022 11:08:55.105 CET
Begin processing the 440001st record. Run 1, Event 1190587, LumiSection 1 on stream 4 at 07-Feb-2022 11:08:55.624 CET
Begin processing the 450001st record. Run 1, Event 1217686, LumiSection 1 on stream 10 at 07-Feb-2022 11:08:57.853 CET
Begin processing the 460001st record. Run 1, Event 1244830, LumiSection 1 on stream 3 at 07-Feb-2022 11:08:58.422 CET
Begin processing the 470001st record. Run 1, Event 1271490, LumiSection 1 on stream 6 at 07-Feb-2022 11:08:58.948 CET
Begin processing the 480001st record. Run 1, Event 1298573, LumiSection 1 on stream 1 at 07-Feb-2022 11:08:59.524 CET
Begin processing the 490001st record. Run 1, Event 1325721, LumiSection 1 on stream 11 at 07-Feb-2022 11:09:00.085 CET
Begin processing the 500001st record. Run 1, Event 1353084, LumiSection 1 on stream 4 at 07-Feb-2022 11:09:00.645 CET
Begin processing the 510001st record. Run 1, Event 1380291, LumiSection 1 on stream 0 at 07-Feb-2022 11:09:01.170 CET
Begin processing the 520001st record. Run 1, Event 1407266, LumiSection 1 on stream 7 at 07-Feb-2022 11:09:03.642 CET
Begin processing the 530001st record. Run 1, Event 1434237, LumiSection 1 on stream 2 at 07-Feb-2022 11:09:04.190 CET
Begin processing the 540001st record. Run 1, Event 1461324, LumiSection 1 on stream 5 at 07-Feb-2022 11:09:04.761 CET
Begin processing the 550001st record. Run 1, Event 1488222, LumiSection 1 on stream 8 at 07-Feb-2022 11:09:05.295 CET
Begin processing the 560001st record. Run 1, Event 1515686, LumiSection 1 on stream 1 at 07-Feb-2022 11:09:05.850 CET
Begin processing the 570001st record. Run 1, Event 1542975, LumiSection 1 on stream 9 at 07-Feb-2022 11:09:06.409 CET
Begin processing the 580001st record. Run 1, Event 1570048, LumiSection 1 on stream 3 at 07-Feb-2022 11:09:08.694 CET
Begin processing the 590001st record. Run 1, Event 1597274, LumiSection 1 on stream 4 at 07-Feb-2022 11:09:09.256 CET
Begin processing the 600001st record. Run 1, Event 1624486, LumiSection 1 on stream 5 at 07-Feb-2022 11:09:09.803 CET
Begin processing the 610001st record. Run 1, Event 1651293, LumiSection 1 on stream 8 at 07-Feb-2022 11:09:10.360 CET
Begin processing the 620001st record. Run 1, Event 1678501, LumiSection 1 on stream 4 at 07-Feb-2022 11:09:10.886 CET
Begin processing the 630001st record. Run 1, Event 1705803, LumiSection 1 on stream 5 at 07-Feb-2022 11:09:11.433 CET
Begin processing the 640001st record. Run 1, Event 1732884, LumiSection 1 on stream 10 at 07-Feb-2022 11:09:13.689 CET
Begin processing the 650001st record. Run 1, Event 1759684, LumiSection 1 on stream 6 at 07-Feb-2022 11:09:14.219 CET
Begin processing the 660001st record. Run 1, Event 1786628, LumiSection 1 on stream 5 at 07-Feb-2022 11:09:14.771 CET
Begin processing the 670001st record. Run 1, Event 1813536, LumiSection 1 on stream 0 at 07-Feb-2022 11:09:15.334 CET
Begin processing the 680001st record. Run 1, Event 1840426, LumiSection 1 on stream 6 at 07-Feb-2022 11:09:15.892 CET
Begin processing the 690001st record. Run 1, Event 1867824, LumiSection 1 on stream 3 at 07-Feb-2022 11:09:16.420 CET
Begin processing the 700001st record. Run 1, Event 1894942, LumiSection 1 on stream 2 at 07-Feb-2022 11:09:16.971 CET
Begin processing the 710001st record. Run 1, Event 1922062, LumiSection 1 on stream 6 at 07-Feb-2022 11:09:19.211 CET
Begin processing the 720001st record. Run 1, Event 1949061, LumiSection 1 on stream 10 at 07-Feb-2022 11:09:19.766 CET
Begin processing the 730001st record. Run 1, Event 1975891, LumiSection 1 on stream 7 at 07-Feb-2022 11:09:20.296 CET
Begin processing the 740001st record. Run 1, Event 2002785, LumiSection 1 on stream 6 at 07-Feb-2022 11:09:20.871 CET
Begin processing the 750001st record. Run 1, Event 2029806, LumiSection 1 on stream 4 at 07-Feb-2022 11:09:21.427 CET
Begin processing the 760001st record. Run 1, Event 2057014, LumiSection 1 on stream 1 at 07-Feb-2022 11:09:21.958 CET
Begin processing the 770001st record. Run 1, Event 2084280, LumiSection 1 on stream 9 at 07-Feb-2022 11:09:24.134 CET
Begin processing the 780001st record. Run 1, Event 2111155, LumiSection 1 on stream 8 at 07-Feb-2022 11:09:24.701 CET
Begin processing the 790001st record. Run 1, Event 2138460, LumiSection 1 on stream 7 at 07-Feb-2022 11:09:25.254 CET
Begin processing the 800001st record. Run 1, Event 2165323, LumiSection 1 on stream 9 at 07-Feb-2022 11:09:25.775 CET
Begin processing the 810001st record. Run 1, Event 2192231, LumiSection 1 on stream 5 at 07-Feb-2022 11:09:26.336 CET
Begin processing the 820001st record. Run 1, Event 2219327, LumiSection 1 on stream 2 at 07-Feb-2022 11:09:26.886 CET
Begin processing the 830001st record. Run 1, Event 2246566, LumiSection 1 on stream 11 at 07-Feb-2022 11:09:27.417 CET
Begin processing the 840001st record. Run 1, Event 2273779, LumiSection 1 on stream 5 at 07-Feb-2022 11:09:29.767 CET
Begin processing the 850001st record. Run 1, Event 2300396, LumiSection 1 on stream 8 at 07-Feb-2022 11:09:30.324 CET
Begin processing the 860001st record. Run 1, Event 2327613, LumiSection 1 on stream 7 at 07-Feb-2022 11:09:30.864 CET
Begin processing the 870001st record. Run 1, Event 2354985, LumiSection 1 on stream 2 at 07-Feb-2022 11:09:31.393 CET
Begin processing the 880001st record. Run 1, Event 2381959, LumiSection 1 on stream 4 at 07-Feb-2022 11:09:31.950 CET
Begin processing the 890001st record. Run 1, Event 2409293, LumiSection 1 on stream 7 at 07-Feb-2022 11:09:32.519 CET
Begin processing the 900001st record. Run 1, Event 2436306, LumiSection 1 on stream 1 at 07-Feb-2022 11:09:34.633 CET
Begin processing the 910001st record. Run 1, Event 2463607, LumiSection 1 on stream 11 at 07-Feb-2022 11:09:35.154 CET
Begin processing the 920001st record. Run 1, Event 2490884, LumiSection 1 on stream 7 at 07-Feb-2022 11:09:35.697 CET
Begin processing the 930001st record. Run 1, Event 2517703, LumiSection 1 on stream 1 at 07-Feb-2022 11:09:36.257 CET
Begin processing the 940001st record. Run 1, Event 2544717, LumiSection 1 on stream 4 at 07-Feb-2022 11:09:36.773 CET
Begin processing the 950001st record. Run 1, Event 2571935, LumiSection 1 on stream 5 at 07-Feb-2022 11:09:37.326 CET
Begin processing the 960001st record. Run 1, Event 2598819, LumiSection 1 on stream 1 at 07-Feb-2022 11:09:39.096 CET
Begin processing the 970001st record. Run 1, Event 2625769, LumiSection 1 on stream 2 at 07-Feb-2022 11:09:39.639 CET
Begin processing the 980001st record. Run 1, Event 2652681, LumiSection 1 on stream 5 at 07-Feb-2022 11:09:40.161 CET
Begin processing the 990001st record. Run 1, Event 2679477, LumiSection 1 on stream 0 at 07-Feb-2022 11:09:40.703 CET
%MSG-w StatisticsSenderService:  PostGlobalEndRun 07-Feb-2022 11:09:41 CET  PostGlobalEndRun
fully closed: file:../../../gemsw/EventFilter/test/output_edm_track20.root

%MSG
07-Feb-2022 11:09:41 CET  Closed file file:../../../gemsw/EventFilter/test/output_edm_track20.root

=============================================

MessageLogger Summary

 type     category        sev    module        subroutine        count    total
 ---- -------------------- -- ---------------- ----------------  -----    -----
    1 StatisticsSenderServ -w PostGlobalEndRun                       1        1
    2 fileAction           -s file_close                             1        1
    3 fileAction           -s file_open                              2        2

 type    category    Examples: run/evt        run/evt          run/evt
 ---- -------------------- ---------------- ---------------- ----------------
    1 StatisticsSenderService PostGlobalEndRun                  
    2 fileAction           PostGlobalEndRun                  
    3 fileAction           pre-events       pre-events       

Severity    # Occurrences   Total Occurrences
--------    -------------   -----------------
Warning                 1                   1
System                  3                   3

dropped waiting message count 0

----------------------------------------
|* BARI001     X       Y    view
 Theta -20 mrad   Sigma x = 488.493 y = 505.469
 Theta -18 mrad   Sigma x = 460.472 y = 479.19
 Theta -16 mrad   Sigma x = 427.798 y = 446.7
 Theta -14 mrad   Sigma x = 391.606 y = 409.669
 Theta -12 mrad   Sigma x = 353.384 y = 370.791
 Theta -10 mrad   Sigma x = 315.211 y = 331.711
 Theta -8 mrad   Sigma x = 278.144 y = 293.327
 Theta -6 mrad   Sigma x = 242.931 y = 256.541
 Theta -4 mrad   Sigma x = 210.597 y = 222.305
 Theta -2 mrad   Sigma x = 182.694 y = 192.069
 Theta 4.47035e-07 mrad   Sigma x = 161.66 y = 167.999
 Theta 2 mrad   Sigma x = 150.288 y = 153.081
 Theta 4 mrad   Sigma x = 150.815 y = 150.061
 Theta 6 mrad   Sigma x = 163.142 y = 159.616
 Theta 8 mrad   Sigma x = 184.89 y = 179.741
 Theta 10 mrad   Sigma x = 213.196 y = 207.38
 Theta 12 mrad   Sigma x = 245.803 y = 239.955
 Theta 14 mrad   Sigma x = 281.175 y = 275.678
 Theta 16 mrad   Sigma x = 318.257 y = 313.45
 Theta 18 mrad   Sigma x = 355.995 y = 352.402
 Theta 20 mrad   Sigma x = 393.171 y = 391.775
|* BARI002     X       Y    view
 Theta -20 mrad   Sigma x = 413.616 y = 412.311
 Theta -18 mrad   Sigma x = 370.964 y = 368.982
 Theta -16 mrad   Sigma x = 328.511 y = 325.856
 Theta -14 mrad   Sigma x = 286.441 y = 283.123
 Theta -12 mrad   Sigma x = 244.949 y = 240.998
 Theta -10 mrad   Sigma x = 204.408 y = 199.906
 Theta -8 mrad   Sigma x = 165.465 y = 160.593
 Theta -6 mrad   Sigma x = 129.602 y = 124.778
 Theta -4 mrad   Sigma x = 100.188 y = 96.4255
 Theta -2 mrad   Sigma x = 84.3154 y = 83.5409
 Theta 4.47035e-07 mrad   Sigma x = 89.4644 y = 92.8059
 Theta 2 mrad   Sigma x = 112.789 y = 119.155
 Theta 4 mrad   Sigma x = 145.821 y = 154.069
 Theta 6 mrad   Sigma x = 183.383 y = 192.946
 Theta 8 mrad   Sigma x = 223.188 y = 233.816
 Theta 10 mrad   Sigma x = 264.229 y = 275.793
 Theta 12 mrad   Sigma x = 306.019 y = 318.443
 Theta 14 mrad   Sigma x = 348.274 y = 361.514
 Theta 16 mrad   Sigma x = 390.823 y = 404.831
 Theta 18 mrad   Sigma x = 433.494 y = 447.878
 Theta 20 mrad   Sigma x = 475.495 y = 488.28
|* BARI003     X       Y    view
 Theta -20 mrad   Sigma x = 452.848 y = 464.178
 Theta -18 mrad   Sigma x = 409.539 y = 421.335
 Theta -16 mrad   Sigma x = 366.136 y = 377.555
 Theta -14 mrad   Sigma x = 323.001 y = 333.916
 Theta -12 mrad   Sigma x = 280.271 y = 290.637
 Theta -10 mrad   Sigma x = 238.169 y = 247.95
 Theta -8 mrad   Sigma x = 197.072 y = 206.237
 Theta -6 mrad   Sigma x = 157.8 y = 166.244
 Theta -4 mrad   Sigma x = 122.165 y = 129.529
 Theta -2 mrad   Sigma x = 94.3141 y = 99.8091
 Theta 4.47035e-07 mrad   Sigma x = 82.634 y = 84.8382
 Theta 2 mrad   Sigma x = 93.3474 y = 92.0279
 Theta 4 mrad   Sigma x = 120.632 y = 117.452
 Theta 6 mrad   Sigma x = 156.029 y = 152.197
 Theta 8 mrad   Sigma x = 195.184 y = 191.229
 Theta 10 mrad   Sigma x = 236.226 y = 232.42
 Theta 12 mrad   Sigma x = 278.323 y = 274.79
 Theta 14 mrad   Sigma x = 321.053 y = 317.864
 Theta 16 mrad   Sigma x = 364.19 y = 361.397
 Theta 18 mrad   Sigma x = 407.594 y = 405.175
 Theta 20 mrad   Sigma x = 450.956 y = 448.765
|* BARI004     X       Y    view
 Theta -20 mrad   Sigma x = 489.931 y = 490.844
 Theta -18 mrad   Sigma x = 455.757 y = 456.191
 Theta -16 mrad   Sigma x = 416.761 y = 416.821
 Theta -14 mrad   Sigma x = 375.639 y = 375.455
 Theta -12 mrad   Sigma x = 334.174 y = 333.911
 Theta -10 mrad   Sigma x = 293.405 y = 293.117
 Theta -8 mrad   Sigma x = 254.079 y = 253.814
 Theta -6 mrad   Sigma x = 217.023 y = 216.891
 Theta -4 mrad   Sigma x = 183.693 y = 183.846
 Theta -2 mrad   Sigma x = 156.464 y = 157.153
 Theta 4.47035e-07 mrad   Sigma x = 138.96 y = 140.543
 Theta 2 mrad   Sigma x = 135.072 y = 137.677
 Theta 4 mrad   Sigma x = 145.871 y = 149.319
 Theta 6 mrad   Sigma x = 168.563 y = 172.603
 Theta 8 mrad   Sigma x = 199.118 y = 203.567
 Theta 10 mrad   Sigma x = 234.468 y = 239.225
 Theta 12 mrad   Sigma x = 272.734 y = 277.752
 Theta 14 mrad   Sigma x = 312.82 y = 317.991
 Theta 16 mrad   Sigma x = 353.963 y = 359.196
 Theta 18 mrad   Sigma x = 395.393 y = 400.323
 Theta 20 mrad   Sigma x = 435.595 y = 439.537
